OK 150824 161123     {1:F01BINPPEP0AXXX6808323641}{2:O9992103150421BINPPEP0AXXX85529912071504220801N}
OK 150824 161524     {1:F01BINPPEP0AXXX0193003821}{2:O7991612150824BINPPEP0AXXX01930025011508241613N}
OK 150824 161524 1/1 {1:F01BINPPEP0AXXX0193003815}{2:O7001612150824BINPPEP0AXXX01930024941508241613U}
OK 150902 165109 1/1 {1:F01BINPPEP0AXXX0195003857}{2:O7001622150902BINPPEP0AXXX01950025081509021622U}
OK 150902 173512     {1:F01BINPPEP0AXXX0195003860}{2:O7301734150902BINPPEP0AXXX01950025101509021734N}
OK 150903 120333     {1:F01BINPPEP0AXXX0196003864}{2:O7301202150903BINPPEP0AXXX01960025121509031202N}
OK 150903 120934 1/1 {1:F01BINPPEP0AXXX0196003865}{2:O7001208150903BINPPEP0AXXX01960025131509031208U}
OK 150903 140941     {1:F01BINPPEP0AXXX0196003866}{2:O7301408150903BINPPEP0AXXX01960025141509031408N}
OK 150903 150344     {1:F01BINPPEP0AXXX0196003867}{2:O7301503150903BINPPEP0AXXX01960025151509031503N}
OK 150903 151545 1/1 {1:F01BINPPEP0AXXX0196003868}{2:O7001514150903BINPPEP0AXXX01960025161509031514U}
OK 150903 161749 1/1 {1:F01BINPPEP0AXXX0196003869}{2:O7001616150903BINPPEP0AXXX01960025171509031616U}
OK 150903 163150     {1:F01BINPPEP0AXXX0196003870}{2:O7301630150903BINPPEP0AXXX01960025181509031630N}
OK 150903 171152 1/1 {1:F01BINPPEP0AXXX0196003872}{2:O7001711150903BINPPEP0AXXX01960025191509031711U}
OK 150904 162725     {1:F01BINPPEP0AXXX0197003883}{2:O7301626150904BINPPEP0AXXX01970025281509041626N}
OK 150904 162725     {1:F01BINPPEP0AXXX0197003884}{2:O7301626150904BINPPEP0AXXX01970025291509041626N}
OK 150904 162725     {1:F01BINPPEP0AXXX0197003882}{2:O7991626150904BINPPEP0AXXX01970025271509041626N}
OK 150904 162725     {1:F01BINPPEP0AXXX0197003886}{2:O7991627150904BINPPEP0AXXX01970025421509041627N}
OK 150904 162725     {1:F01BINPPEP0AXXX0197003885}{2:O7991627150904BINPPEP0AXXX01970025411509041627N}
OK 150904 164326     {1:F01BINPPEP0AXXX0197003887}{2:O7301642150904BINPPEP0AXXX01970025431509041642N}
OK 150907 113441     {1:F01BINPPEP0AXXX0198003896}{2:O7991134150907BINPPEP0AXXX01980025451509071134N}
OK 150907 113441     {1:F01BINPPEP0AXXX0198003897}{2:O7991134150907BINPPEP0AXXX01980025461509071134N}
OK 150907 115843     {1:F01BINPPEP0AXXX0198003898}{2:O7991157150907BINPPEP0AXXX01980025471509071157N}
OK 150907 153456     {1:F01BINPPEP0AXXX0198003899}{2:O7301534150907BINPPEP0AXXX01980025481509071534N}
OK 150907 154457     {1:F01BINPPEP0AXXX0198003900}{2:O7071544150907BINPPEP0AXXX01980025491509071544N}
OK 150907 155858     {1:F01BINPPEP0AXXX0198003901}{2:O7301558150907BINPPEP0AXXX01980025501509071558N}
OK 150907 162300 1/1 {1:F01BINPPEP0AXXX0198003902}{2:O7001622150907BINPPEP0AXXX01980025511509071622U}
OK 150907 162501 1/1 {1:F01BINPPEP0AXXX0198003903}{2:O7001624150907BINPPEP0AXXX01980025521509071624U}
OK 150907 181308     {1:F01BINPPEP0AXXX0198003905}{2:O7301812150907BINPPEP0AXXX01980025531509071812N}
OK 150909 114612     {1:F01BINPPEP0AXXX0200003913}{2:O7991145150909BINPPEP0AXXX02000025561509091145N}
OK 150909 114612     {1:F01BINPPEP0AXXX0200003914}{2:O7991145150909BINPPEP0AXXX02000025571509091145N}
OK 150909 114612     {1:F01BINPPEP0AXXX0200003915}{2:O7991145150909BINPPEP0AXXX02000025581509091145N}
OK 150909 114612     {1:F01BINPPEP0AXXX0200003916}{2:O7301145150909BINPPEP0AXXX02000025591509091145N}
OK 150909 114612     {1:F01BINPPEP0AXXX0200003918}{2:O7991145150909BINPPEP0AXXX02000025611509091145N}
OK 150909 114612     {1:F01BINPPEP0AXXX0200003919}{2:O7991145150909BINPPEP0AXXX02000025621509091145N}
OK 150909 114612     {1:F01BINPPEP0AXXX0200003920}{2:O7991145150909BINPPEP0AXXX02000025631509091145N}
OK 150909 114612     {1:F01BINPPEP0AXXX0200003917}{2:O7991145150909BINPPEP0AXXX02000025601509091145N}
OK 150909 160828     {1:F01BINPPEP0AXXX0201003928}{2:O7991608150909BINPPEP0AXXX02010025731509091608N}
OK 150909 160828     {1:F01BINPPEP0AXXX0201003932}{2:O7301608150909BINPPEP0AXXX02010025771509091608N}
OK 150909 160828     {1:F01BINPPEP0AXXX0201003930}{2:O7071608150909BINPPEP0AXXX02010025751509091608N}
OK 150909 160828     {1:F01BINPPEP0AXXX0201003929}{2:O7991608150909BINPPEP0AXXX02010025741509091608N}
OK 150909 160828     {1:F01BINPPEP0AXXX0201003931}{2:O7991608150909BINPPEP0AXXX02010025761509091608N}
OK 150909 160828 1/1 {1:F01BINPPEP0AXXX0201003925}{2:O7001608150909BINPPEP0AXXX02010025691509091608U}
OK 150909 163230     {1:F01BINPPEP0AXXX0201003933}{2:O7991631150909BINPPEP0AXXX02010025781509091631N}
OK 150909 163430     {1:F01BINPPEP0AXXX0201003934}{2:O7301633150909BINPPEP0AXXX02010025791509091633N}
OK 150909 163430     {1:F01BINPPEP0AXXX0201003935}{2:O7991633150909BINPPEP0AXXX02010025801509091633N}
OK 150909 180636     {1:F01BINPPEP0AXXX0201003937}{2:O7071806150909BINPPEP0AXXX02010025821509091806N}
OK 150910 173725     {1:F01BINPPEP0AXXX0202003946}{2:O7301736150910BINPPEP0AXXX02020025881509101736N}
OK 150910 173725     {1:F01BINPPEP0AXXX0202003944}{2:O7991736150910BINPPEP0AXXX02020025851509101736N}
OK 150910 173725     {1:F01BINPPEP0AXXX0202003950}{2:O7991736150910BINPPEP0AXXX02020025931509101736N}
OK 150911 164040     {1:F01BINPPEP0AXXX0203003965}{2:O7301639150911BINPPEP0AXXX02030025961509111640N}
OK 150911 164040 1/1 {1:F01BINPPEP0AXXX0203003967}{2:O7101639150911BINPPEP0AXXX02030025981509111640N}
OK 150911 164040     {1:F01BINPPEP0AXXX0203003968}{2:O7301639150911BINPPEP0AXXX02030025991509111640N}
OK 150911 164040     {1:F01BINPPEP0AXXX0203003969}{2:O7301639150911BINPPEP0AXXX02030026001509111640N}
OK 150911 164040 1/1 {1:F01BINPPEP0AXXX0203003964}{2:O7001639150911BINPPEP0AXXX02030025951509111640U}
OK 150911 164040     {1:F01BINPPEP0AXXX0203003966}{2:O7301639150911BINPPEP0AXXX02030025971509111640N}
OK 150911 173444     {1:F01BINPPEP0AXXX0203003971}{2:O7991733150911BINPPEP0AXXX02030026011509111733N}
OK 150915 112131     {1:F01BINPPEP0AXXX0205003984}{2:O7991120150915BINPPEP0AXXX02050026051509151120N}
OK 150915 170558 1/1 {1:F01BINPPEP0AXXX0205003987}{2:O7001705150915BINPPEP0AXXX02050026091509151705U}
OK 150916 112102 1/1 {1:F01BINPPEP0AXXX0206003994}{2:O7001120150916BINPPEP0AXXX02060026131509161120U}
OK 150916 112303     {1:F01BINPPEP0AXXX0206003995}{2:O7301122150916BINPPEP0AXXX02060026141509161122N}
OK 150916 113303     {1:F01BINPPEP0AXXX0206003996}{2:O7991132150916BINPPEP0AXXX02060026151509161132N}
OK 150916 145717     {1:F01BINPPEP0AXXX0206004000}{2:O7301456150916BINPPEP0AXXX02060026191509161456N}
OK 150916 145717 1/1 {1:F01BINPPEP0AXXX0206004001}{2:O7201456150916BINPPEP0AXXX02060026201509161456N}
OK 150916 145717     {1:F01BINPPEP0AXXX0206003998}{2:O7991456150916BINPPEP0AXXX02060026171509161456N}
OK 150916 145717 1/1 {1:F01BINPPEP0AXXX0206003997}{2:O7001456150916BINPPEP0AXXX02060026161509161456U}
OK 150916 174728 1/1 {1:F01BINPPEP0AXXX0206004005}{2:O7001746150916BINPPEP0AXXX02060026241509161746U}
OK 150916 175729 1/1 {1:F01BINPPEP0AXXX0206004006}{2:O7001756150916BINPPEP0AXXX02060026251509161756U}
OK 150916 180730     {1:F01BINPPEP0AXXX0206004008}{2:O7071806150916BINPPEP0AXXX02060026271509161806N}
OK 150916 181730 1/1 {1:F01BINPPEP0AXXX0206004012}{2:O7001816150916BINPPEP0AXXX02060026311509161817U}
OK 150917 095810 1/1 {1:F01BINPPEP0AXXX0207004019}{2:O7100957150917BINPPEP0AXXX02070026361509170957N}
OK 150917 095810     {1:F01BINPPEP0AXXX0207004020}{2:O7300957150917BINPPEP0AXXX02070026371509170957N}
OK 150917 095810 1/2 {1:F01BINPPEP0AXXX0207004017}{2:O7000957150917BINPPEP0AXXX02070026341509170957U}
OK 150917 095810 2/2 {1:F01BINPPEP0AXXX0207004018}{2:O7010957150917BINPPEP0AXXX02070026351509170957U}
OK 150917 102212 1/1 {1:F01BINPPEP0AXXX0207004026}{2:O7201021150917BINPPEP0AXXX02070026431509171021N}
OK 150917 104014     {1:F01BINPPEP0AXXX0207004028}{2:O7991039150917BINPPEP0AXXX02070026451509171039N}
OK 150917 104014     {1:F01BINPPEP0AXXX0207004029}{2:O7991039150917BINPPEP0AXXX02070026461509171039N}
OK 150930 105722     {1:F01BINPPEP0AXXX0216004063}{2:O7301056150930BINPPEP0AXXX02160026601509301056N}
OK 150930 105722     {1:F01BINPPEP0AXXX0216004064}{2:O7301056150930BINPPEP0AXXX02160026611509301056N}
OK 151214 184607 1/1 {1:F01BINPPEP0AXXX0265004437}{2:O7001846151214BINPPEP0AXXX02650028081512141846N}
OK 151215 115915     {1:F01BINPPEP0AXXX0266004441}{2:O7071158151215BINPPEP0AXXX02660028101512151159N}
OK 151215 120315     {1:F01BINPPEP0AXXX0266004442}{2:O7071203151215BINPPEP0AXXX02660028121512151204N}
OK 160128 181921     {1:F01BINPPEP0AXXX0278004565}{2:O7991818160128BINPPEP0AXXX02780028551601281818N}
OK 160128 181921     {1:F01BINPPEP0AXXX0278004567}{2:O7991818160128BINPPEP0AXXX02780028571601281819N}
OK 160128 181921     {1:F01BINPPEP0AXXX0278004568}{2:O7301818160128BINPPEP0AXXX02780028581601281819N}
OK 160128 181921     {1:F01BINPPEP0AXXX0278004569}{2:O7301818160128BINPPEP0AXXX02780028591601281819N}
OK 160128 181921     {1:F01BINPPEP0AXXX0278004570}{2:O7301818160128BINPPEP0AXXX02780028601601281819N}
*****ERR*****
?? 160128 183722     {1:F01BINPPEP0AXXX0278004575}{2:O7301836160128BINPPEP0AXXX02780028641601281836N}
LCIS02B*WRITE LCINSW3=99;CICS DIED;ERROR-ID=-04;
*******
OK 160128 214012 1/1 {1:F01BINPPEP0AXXX0278004576}{2:O7201850160128BINPPEP0AXXX02780028651601281850N}
OK 160201 182438     {1:F01BINPPEP0AXXX0280004595}{2:O7991824160201BINPPEP0AXXX02800028721602011824N}
OK 160229 153241     {1:F01BINPPEP0AXXX0300004712}{2:O7991531160229BINPPEP0AXXX03000029041602291531N}
OK 160229 153241     {1:F01BINPPEP0AXXX0300004713}{2:O7991531160229BINPPEP0AXXX03000029051602291531N}
OK 160229 153241     {1:F01BINPPEP0AXXX0300004714}{2:O7301531160229BINPPEP0AXXX03000029061602291531N}
OK 160229 153241     {1:F01BINPPEP0AXXX0300004715}{2:O7301531160229BINPPEP0AXXX03000029071602291531N}
OK 160229 153241     {1:F01BINPPEP0AXXX0300004717}{2:O7301531160229BINPPEP0AXXX03000029091602291531N}
OK 160229 153241     {1:F01BINPPEP0AXXX0300004718}{2:O7301531160229BINPPEP0AXXX03000029101602291531N}
OK 160229 153241     {1:F01BINPPEP0AXXX0300004720}{2:O7301532160229BINPPEP0AXXX03000029121602291532N}
OK 160229 153241     {1:F01BINPPEP0AXXX0300004721}{2:O7991532160229BINPPEP0AXXX03000029131602291532N}
OK 160229 153241     {1:F01BINPPEP0AXXX0300004722}{2:O7301532160229BINPPEP0AXXX03000029141602291532N}
OK 160229 153241     {1:F01BINPPEP0AXXX0300004723}{2:O7991532160229BINPPEP0AXXX03000029161602291532N}
OK 160229 153241     {1:F01BINPPEP0AXXX0300004725}{2:O7301532160229BINPPEP0AXXX03000029181602291532N}
OK 160229 153241 1/1 {1:F01BINPPEP0AXXX0300004729}{2:O7601532160229BINPPEP0AXXX03000029291602291532N}
OK 160229 153241 1/1 {1:F01BINPPEP0AXXX0300004710}{2:O7001531160229BINPPEP0AXXX03000029021602291531U}
OK 160229 153241     {1:F01BINPPEP0AXXX0300004730}{2:O7991532160229BINPPEP0AXXX03000029301602291532N}
OK 160229 153241 1/1 {1:F01BINPPEP0AXXX0300004711}{2:O7001531160229BINPPEP0AXXX03000029031602291531U}
OK 160229 153241     {1:F01BINPPEP0AXXX0300004731}{2:O7991532160229BINPPEP0AXXX03000029311602291532N}
OK 160229 153241     {1:F01BINPPEP0AXXX0300004724}{2:O7991532160229BINPPEP0AXXX03000029171602291532N}
OK 160310 114116 1/1 {1:F01BINPPEP0AXXX0308004785}{2:O7001141160310BINPPEP0AXXX03080029391603101141U}
OK 160310 114116 1/1 {1:F01BINPPEP0AXXX0308004786}{2:O7001141160310BINPPEP0AXXX03080029401603101141U}
OK 160311 102811 1/1 {1:F01BINPPEP0AXXX0309004793}{2:O7101028160311BINPPEP0AXXX03090029441603111028N}
OK 160311 102811     {1:F01BINPPEP0AXXX0309004794}{2:O7301028160311BINPPEP0AXXX03090029461603111028N}
OK 160311 102811 1/1 {1:F01BINPPEP0AXXX0309004792}{2:O7001028160311BINPPEP0AXXX03090029431603111028U}
OK 160311 103016     {1:F01BINPPEP0AXXX0309004797}{2:O7071029160311BINPPEP0AXXX03090029491603111029N}
OK 160314 083144     {1:F01BINPPEP0AXXX0310004809}{2:O7300831160314BINPPEP0AXXX03100029541603140831N}
OK 160314 083144     {1:F01BINPPEP0AXXX0310004810}{2:O7300831160314BINPPEP0AXXX03100029551603140831N}
OK 160314 083144     {1:F01BINPPEP0AXXX0310004811}{2:O7300831160314BINPPEP0AXXX03100029561603140831N}
OK 160315 101458     {1:F01BINPPEP0AXXX0311004819}{2:O7991014160315BINPPEP0AXXX03110029611603151014N}
OK 160315 154717     {1:F01BINPPEP0AXXX0311004825}{2:O7301547160315BINPPEP0AXXX03110029651603151547N}
OK 160315 155717     {1:F01BINPPEP0AXXX0311004826}{2:O7301557160315BINPPEP0AXXX03110029661603151557N}
OK 160315 160518     {1:F01BINPPEP0AXXX0311004827}{2:O7301605160315BINPPEP0AXXX03110029671603151605N}
OK 160315 164921     {1:F01BINPPEP0AXXX0311004828}{2:O7301649160315BINPPEP0AXXX03110029681603151649N}
OK 160315 175324     {1:F01BINPPEP0AXXX0311004829}{2:O7301753160315BINPPEP0AXXX03110029691603151753N}
OK 160315 175925     {1:F01BINPPEP0AXXX0311004830}{2:O7071759160315BINPPEP0AXXX03110029701603151759N}
OK 160315 183527     {1:F01BINPPEP0AXXX0311004831}{2:O7071835160315BINPPEP0AXXX03110029711603151835N}
OK 160317 084624     {1:F01BINPPEP0AXXX0314004845}{2:O7990845160317BINPPEP0AXXX03140029751603170846N}
OK 160317 084624     {1:F01BINPPEP0AXXX0314004848}{2:O7990845160317BINPPEP0AXXX03140029781603170846N}
OK 160317 084624     {1:F01BINPPEP0AXXX0314004849}{2:O7300845160317BINPPEP0AXXX03140029801603170846N}
OK 160318 083101     {1:F01BINPPEP0AXXX0316004861}{2:O7990831160318BINPPEP0AXXX03160029881603180831N}
OK 160323 104302     {1:F01BINPPEP0AXXX0319004874}{2:O7991042160323BINPPEP0AXXX03190029921603231042N}
OK 160328 133244     {1:F01BINPPEP0AXXX0322004894}{2:O7301332160328BINPPEP0AXXX03220030021603281332N}
OK 160401 083601     {1:F01BINPPEP0AXXX0326004939}{2:O7300835160401BINPPEP0AXXX03260030141604010835N}
OK 180105 184252     {1:F01BINPPEP0AXXX0588006535}{2:O7301841180105BINPPEP0AXXX05880033291801051841N}
OK 180105 184252     {1:F01BINPPEP0AXXX0588006536}{2:O7991841180105BINPPEP0AXXX05880033301801051841N}
OK 180105 184252     {1:F01BINPPEP0AXXX0588006537}{2:O7301841180105BINPPEP0AXXX05880033311801051841N}
OK 180105 184252     {1:F01BINPPEP0AXXX0588006538}{2:O7301841180105BINPPEP0AXXX05880033321801051841N}
OK 180105 184252 1/1 {1:F01BINPPEP0AXXX0588006531}{2:O7001841180105BINPPEP0AXXX05880033191801051841U}
OK 180105 184252 1/1 {1:F01BINPPEP0AXXX0588006532}{2:O7001841180105BINPPEP0AXXX05880033201801051841U}
OK 180105 184252 1/1 {1:F01BINPPEP0AXXX0588006533}{2:O7001841180105BINPPEP0AXXX05880033211801051841U}
OK 180105 184252 1/1 {1:F01BINPPEP0AXXX0588006534}{2:O7001841180105BINPPEP0AXXX05880033231801051841U}
OK 180110 150047     {1:F01BINPPEP0AXXX0589006575}{2:O7991500180110BINPPEP0AXXX05890042861801101500N}
OK 180110 150047 1/1 {1:F01BINPPEP0AXXX0589006574}{2:O7001500180110BINPPEP0AXXX05890042851801101500U}
OK 180110 150047     {1:F01BINPPEP0AXXX0589006580}{2:O7071500180110BINPPEP0AXXX05890042921801101500N}
OK 180110 154252     {1:F01BINPPEP0AXXX0589006587}{2:O7301542180110BINPPEP0AXXX05890042961801101542N}
OK 180110 163656     {1:F01BINPPEP0AXXX0589006588}{2:O7301637180110BINPPEP0AXXX05890042971801101637N}
OK 180111 064756     {1:F01BINPPEP0AXXX0589006593}{2:O7991717180111BOFAIN40AXXX16116649841801110647N}
OK 180111 064756     {1:F01BINPPEP0AXXX0589006594}{2:O7991847180111BOFATH20AXXX38842562811801110647N}
OK 180111 064756     {1:F01BINPPEP0AXXX0589006592}{2:O7991847180111BOFATH20AXXX38842562781801110647N}
OK 180111 064756     {1:F01BINPPEP0AXXX0589006595}{2:O7991847180111BOFATH20AXXX38842562851801110647N}
OK 180117 191350     {1:F01BINPPEP0AXXX0590006621}{2:O7991239180117BOFAIN40AXXX16366672101801171914N}
OK 180117 191350     {1:F01BINPPEP0AXXX0590006622}{2:O7991409180117BOFATH20AXXX39092570621801171914N}
OK 180117 191553     {1:F01BINPPEP0AXXX0590006623}{2:O7991409180117BOFATH20AXXX39092570631801171914N}
OK 181031 180351     {1:F01BINPPEP0AXXX0619007859}{2:O7301802181031BINPPEP0AXXX06190056851810311802N}
OK 181107 173249 1/1 {1:F01BINPPEP0AXXX0628008438}{2:O7001731181107BINPPEP0AXXX06280062811811071731U}
OK 181107 173651 1/1 {1:F01BINPPEP0AXXX0628008439}{2:O7001735181107BINPPEP0AXXX06280062821811071735U}
OK 181108 170458 1/1 {1:F01BINPPEP0AXXX0629008557}{2:O7001702181108BINPPEP0AXXX06290063971811081702U}
OK 181109 134530     {1:F01BINPPEP0AXXX0630008672}{2:O7301344181109BINPPEP0AXXX06300065131811091345N}
OK 181109 134530     {1:F01BINPPEP0AXXX0630008673}{2:O7991344181109BINPPEP0AXXX06300065141811091345N}
OK 181109 154547 1/1 {1:F01BINPPEP0AXXX0630008680}{2:O7071543181109BINPPEP0AXXX06300065181811091544N}
OK 181110 143404     {1:F01BINPPEP0AXXX0632008798}{2:O7301431181110BINPPEP0AXXX06320066401811101432N}
OK 181110 143404     {1:F01BINPPEP0AXXX0632008799}{2:O7301431181110BINPPEP0AXXX06320066411811101432N}
OK 181112 181828     {1:F01BINPPEP0AXXX0636008920}{2:O7301816181112BINPPEP0AXXX06360067701811121816N}
OK 181117 172711     {1:F01BINPPEP0AXXX0649009528}{2:O7301726181117BINPPEP0AXXX06490073471811171726N}
OK 181130 135134 1/1 {1:F01BINPPEP0AXXX0660010912}{2:O7001350181130BINPPEP0AXXX06600087291811301350U}
OK 181130 143747 1/1 {1:F01BINPPEP0AXXX0660010913}{2:O7001437181130BINPPEP0AXXX06600087311811301437U}
OK 181130 165033 1/1 {1:F01BINPPEP0AXXX0660010914}{2:O7071650181130BINPPEP0AXXX06600087331811301650N}
OK 181204 123325 1/1 {1:F01BINPPEP0AXXX0662011234}{2:O7001232181204BINPPEP0AXXX06620090531812041233U}
OK 181204 145430 1/1 {1:F01BINPPEP0AXXX0662011235}{2:O7071453181204BINPPEP0AXXX06620090581812041454N}
OK 181204 154041 1/1 {1:F01BINPPEP0AXXX0662011236}{2:O7071540181204BINPPEP0AXXX06620090621812041540N}
OK 181205 095016 1/1 {1:F01BINPPEP0AXXX0663011362}{2:O7070948181205BINPPEP0AXXX06630091901812050948N}
OK 190809 194120     {1:F01BINPPEP0AXXX0830029799}{2:O7990242190710IFCWUS30AXXX54220335601907100831N}{3:{108:IFCT190710021547}}
OK 191111 112547     {1:F01BINPPEP0AXXX0887032454}{2:O7992039191003BOFAUS30GXXX01163292121910031939N}{3:{108:1910040218155-01}}
OK 191111 112547     {1:F01BINPPEP0AXXX0888032462}{2:O7992219191003BOFAUS30FXXX01703933931910040830N}{3:{108:1910040241820-01}}
OK 191111 112547     {1:F01BINPPEP0AXXX0887032452}{2:O7992037191003BOFAUS30FXXX01703894501910031937N}{3:{108:1910040210983-01}}
OK 191111 112547     {1:F01BINPPEP0AXXX0888032463}{2:O7992234191003BOFAUS30FXXX01713942231910040830N}{3:{108:1910040242661-01}}
OK 191111 112547     {1:F01BINPPEP0AXXX0887032453}{2:O7992037191003BOFAUS30FXXX01703894521910031937N}{3:{108:1910040210993-01}}
OK 191111 112547     {1:F01BINPPEP0AXXX0887032451}{2:O7992037191003BOFAUS30GXXX01163288781910031937N}{3:{108:1910040210978-01}}
OK 191111 112547     {1:F01BINPPEP0AXXX0888032461}{2:O7992217191003BOFAUS30FXXX01703932881910040830N}{3:{108:1910040240990-01}}
OK 191111 112547     {1:F01BINPPEP0AXXX0887032456}{2:O7992051191003BOFAUS30FXXX01703903461910031951N}{3:{108:1910040231842-01}}
OK 191114 083257     {1:F01BINPPEP0AXXX0918032662}{2:O7990433191114BOFAUS30GXXX01457177071911140831N}{3:{108:1910220120609-01}}
OK 191114 083257     {1:F01BINPPEP0AXXX0918032665}{2:O7990434191114BOFAUS30GXXX01457188941911140831N}{3:{108:1910220152326-01}}
OK 191114 083257     {1:F01BINPPEP0AXXX0918032661}{2:O7990433191114BOFAUS30GXXX01457176721911140831N}{3:{108:1910220120619-01}}
OK 191114 083257     {1:F01BINPPEP0AXXX0918032663}{2:O7990434191114BOFAUS30GXXX01457186911911140831N}{3:{108:1910220150639-01}}
OK 191114 083257     {1:F01BINPPEP0AXXX0918032664}{2:O7990434191114BOFAUS30GXXX01457187741911140831N}{3:{108:1910220141468-01}}
*****ERR*****
?? 201119 093410     {1:F01BINPPEP0AXXX0933032768}{2:O7301630191205BINPPEP0AXXX09330297981912051630N}
LCIS02B*WRITE LCINSW3=99;UNKNOWN;ERROR-ID=-27;
*******
*****ERR*****
?? 210701 143154     {1:F01BINPPEP0AXXX1119034841}{2:O7301717201203NATXFRP0AXXX49003938712012031117N}{3:{108:9V9BS}}
LCIS02B*WRITE LCINSW3=99;UNKNOWN;ERROR-ID=-22;
*******
*****ERR*****
?? 210806 083337     {1:F01BINPPEP0AXXX1296036299}{2:O7990921210806SCBLUS30AXXX52230727842108060831N}
LCIS02B*WRITE LCINSW3=99;UNKNOWN;ERROR-ID=-22;
*******
*****ERR*****
?? 211015 172714 1/1 {1:F01BINPPEP0AXXX0662011234}{2:O7001232181204BINPPEP0AXXX06620090531812041233U}
LCIS02B*WRITE LCINSW3=;’÷Ÿ‘¡”@@@@@@@@@@@@@@@@@@@@@@@@@@@@@@@@@@
*******
OK 211022 100757     {1:F01BINPPEP0AXXX1612300329}{2:O7991700211021SCBLUS33BXXX21804170542110211601N}
OK 211022 102646 1/1 {1:F01BINPPEP0AXXX1601294517}{2:O7001646211014CREDCLRMAXXX15160622582110141446N}
OK 211123 144624     {1:F01BINPPEP0AXXX1339036835}{2:O7301207211018BINPPEP0AXXX13390308412110181207N}
OK 211123 144624     {1:F01BINPPEP0AXXX1339036834}{2:O7301207211018BINPPEP0AXXX13390308402110181207N}
*****ERR*****
?? 211123 172656 1/1 {1:F01BINPPEP0AXXX0662011234}{2:O7001232181204BINPPEP0AXXX06620090531812041233U}
LCIS02B*WRITE LCINSW3=99;SYSTEM ERROR;ERROR-ID=-09;
*******
